TN:
SF:app/ClientProviders.jsx
FN:8,ClientProviders
FN:15,(anonymous_3)
FN:18,(anonymous_4)
FNF:3
FNH:0
FNDA:0,ClientProviders
FNDA:0,(anonymous_3)
FNDA:0,(anonymous_4)
DA:3,0
DA:4,0
DA:5,0
DA:6,0
DA:8,0
DA:9,0
DA:15,0
DA:18,0
LF:8
LH:0
BRF:0
BRH:0
end_of_record
TN:
SF:app/HomeContent.js
FN:12,HomeContent
FN:17,(anonymous_3)
FN:18,(anonymous_4)
FNF:3
FNH:0
FNDA:0,HomeContent
FNDA:0,(anonymous_3)
FNDA:0,(anonymous_4)
DA:3,0
DA:4,0
DA:5,0
DA:6,0
DA:7,0
DA:8,0
DA:9,0
DA:10,0
DA:12,0
DA:13,0
DA:14,0
DA:15,0
DA:17,0
DA:18,0
DA:19,0
DA:20,0
DA:21,0
DA:22,0
DA:23,0
DA:25,0
DA:31,0
DA:32,0
DA:33,0
DA:36,0
DA:37,0
DA:41,0
LF:26
LH:0
BRDA:14,0,0,0
BRDA:14,0,1,0
BRDA:23,1,0,0
BRDA:23,1,1,0
BRDA:31,2,0,0
BRDA:31,2,1,0
BRDA:36,3,0,0
BRDA:36,3,1,0
BRF:8
BRH:0
end_of_record
TN:
SF:app/layout.js
FN:15,RootLayout
FNF:1
FNH:0
FNDA:0,RootLayout
DA:1,0
DA:2,0
DA:4,0
DA:10,0
DA:15,0
LF:5
LH:0
BRF:0
BRH:0
end_of_record
TN:
SF:app/page.js
FN:6,Home
FNF:1
FNH:0
FNDA:0,Home
DA:3,0
DA:4,0
DA:6,0
LF:3
LH:0
BRF:0
BRH:0
end_of_record
TN:
SF:app/pageprotected.js
FN:15,Home
FN:21,(anonymous_3)
FN:22,(anonymous_4)
FN:28,(anonymous_5)
FN:55,(anonymous_6)
FN:64,(anonymous_7)
FN:68,(anonymous_8)
FN:73,(anonymous_9)
FN:78,(anonymous_10)
FNF:9
FNH:0
FNDA:0,Home
FNDA:0,(anonymous_3)
FNDA:0,(anonymous_4)
FNDA:0,(anonymous_5)
FNDA:0,(anonymous_6)
FNDA:0,(anonymous_7)
FNDA:0,(anonymous_8)
FNDA:0,(anonymous_9)
FNDA:0,(anonymous_10)
DA:3,0
DA:4,0
DA:5,0
DA:6,0
DA:7,0
DA:8,0
DA:9,0
DA:10,0
DA:13,0
DA:15,0
DA:16,0
DA:17,0
DA:18,0
DA:19,0
DA:21,0
DA:22,0
DA:23,0
DA:25,0
DA:27,0
DA:28,0
DA:32,0
DA:35,0
DA:36,0
DA:37,0
DA:41,0
DA:44,0
DA:45,0
DA:47,0
DA:51,0
DA:54,0
DA:56,0
DA:57,0
DA:58,0
DA:59,0
DA:64,0
DA:68,0
DA:69,0
DA:70,0
DA:73,0
DA:74,0
DA:75,0
DA:78,0
DA:79,0
DA:81,0
DA:87,0
DA:88,0
DA:89,0
DA:93,0
LF:48
LH:0
BRDA:17,0,0,0
BRDA:17,0,1,0
BRDA:35,1,0,0
BRDA:35,1,1,0
BRDA:35,2,0,0
BRDA:35,2,1,0
BRDA:35,2,2,0
BRDA:56,3,0,0
BRDA:56,3,1,0
BRDA:58,4,0,0
BRDA:58,4,1,0
BRDA:70,5,0,0
BRDA:70,5,1,0
BRDA:79,6,0,0
BRDA:79,6,1,0
BRDA:87,7,0,0
BRDA:87,7,1,0
BRDA:93,8,0,0
BRDA:93,8,1,0
BRF:19
BRH:0
end_of_record
TN:
SF:app/404/page.js
FN:1,NotFoundPage
FNF:1
FNH:0
FNDA:0,NotFoundPage
DA:1,0
LF:1
LH:0
BRF:0
BRH:0
end_of_record
TN:
SF:app/abbigliamento/page.js
FN:9,AbbigliamentoPage
FN:147,(anonymous_2)
FN:159,(anonymous_3)
FN:163,(anonymous_4)
FN:173,(anonymous_5)
FN:180,(anonymous_6)
FN:184,(anonymous_7)
FN:185,(anonymous_8)
FN:191,(anonymous_9)
FN:202,(anonymous_10)
FN:203,(anonymous_11)
FN:215,(anonymous_12)
FN:256,(anonymous_13)
FN:268,(anonymous_14)
FN:281,(anonymous_15)
FN:282,(anonymous_16)
FN:333,(anonymous_17)
FN:363,(anonymous_18)
FN:380,(anonymous_19)
FN:393,(anonymous_20)
FN:418,(anonymous_21)
FN:423,(anonymous_22)
FN:464,(anonymous_23)
FN:466,(anonymous_24)
FN:468,(anonymous_25)
FN:473,(anonymous_26)
FN:492,(anonymous_27)
FN:515,(anonymous_28)
FN:545,(anonymous_29)
FN:639,AbbigliamentoPageWrapper
FNF:30
FNH:0
FNDA:0,AbbigliamentoPage
FNDA:0,(anonymous_2)
FNDA:0,(anonymous_3)
FNDA:0,(anonymous_4)
FNDA:0,(anonymous_5)
FNDA:0,(anonymous_6)
FNDA:0,(anonymous_7)
FNDA:0,(anonymous_8)
FNDA:0,(anonymous_9)
FNDA:0,(anonymous_10)
FNDA:0,(anonymous_11)
FNDA:0,(anonymous_12)
FNDA:0,(anonymous_13)
FNDA:0,(anonymous_14)
FNDA:0,(anonymous_15)
FNDA:0,(anonymous_16)
FNDA:0,(anonymous_17)
FNDA:0,(anonymous_18)
FNDA:0,(anonymous_19)
FNDA:0,(anonymous_20)
FNDA:0,(anonymous_21)
FNDA:0,(anonymous_22)
FNDA:0,(anonymous_23)
FNDA:0,(anonymous_24)
FNDA:0,(anonymous_25)
FNDA:0,(anonymous_26)
FNDA:0,(anonymous_27)
FNDA:0,(anonymous_28)
FNDA:0,(anonymous_29)
FNDA:0,AbbigliamentoPageWrapper
DA:3,0
DA:4,0
DA:5,0
DA:6,0
DA:10,0
DA:11,0
DA:12,0
DA:14,0
DA:15,0
DA:16,0
DA:17,0
DA:18,0
DA:19,0
DA:20,0
DA:21,0
DA:22,0
DA:24,0
DA:147,0
DA:148,0
DA:159,0
DA:160,0
DA:161,0
DA:163,0
DA:164,0
DA:170,0
DA:171,0
DA:172,0
DA:173,0
DA:174,0
DA:177,0
DA:180,0
DA:181,0
DA:184,0
DA:185,0
DA:191,0
DA:192,0
DA:193,0
DA:194,0
DA:195,0
DA:197,0
DA:198,0
DA:199,0
DA:202,0
DA:203,0
DA:204,0
DA:205,0
DA:208,0
DA:215,0
DA:256,0
DA:269,0
DA:282,0
DA:283,0
DA:284,0
DA:285,0
DA:286,0
DA:288,0
DA:334,0
DA:335,0
DA:336,0
DA:364,0
DA:365,0
DA:380,0
DA:394,0
DA:395,0
DA:396,0
DA:419,0
DA:424,0
DA:425,0
DA:464,0
DA:466,0
DA:468,0
DA:474,0
DA:475,0
DA:476,0
DA:493,0
DA:494,0
DA:515,0
DA:545,0
DA:639,0
LF:79
LH:0
BRDA:11,0,0,0
BRDA:11,0,1,0
BRDA:147,1,0,0
BRDA:147,1,1,0
BRDA:147,1,2,0
BRDA:160,2,0,0
BRDA:160,2,1,0
BRDA:170,3,0,0
BRDA:170,3,1,0
BRDA:181,4,0,0
BRDA:181,4,1,0
BRDA:187,5,0,0
BRDA:187,5,1,0
BRDA:192,6,0,0
BRDA:192,6,1,0
BRDA:193,7,0,0
BRDA:193,7,1,0
BRDA:193,8,0,0
BRDA:193,8,1,0
BRDA:193,8,2,0
BRDA:213,9,0,0
BRDA:270,10,0,0
BRDA:270,10,1,0
BRDA:282,11,0,0
BRDA:282,11,1,0
BRDA:284,12,0,0
BRDA:284,12,1,0
BRDA:286,13,0,0
BRDA:286,13,1,0
BRDA:302,14,0,0
BRDA:329,15,0,0
BRDA:329,15,1,0
BRDA:331,16,0,0
BRDA:331,16,1,0
BRDA:334,17,0,0
BRDA:334,17,1,0
BRDA:344,18,0,0
BRDA:361,19,0,0
BRDA:433,20,0,0
BRDA:433,20,1,0
BRDA:444,21,0,0
BRDA:449,22,0,0
BRDA:449,22,1,0
BRDA:450,23,0,0
BRDA:467,24,0,0
BRDA:467,24,1,0
BRDA:530,25,0,0
BRF:47
BRH:0
end_of_record
TN:
SF:app/accessori/page.js
FN:9,AccessoriPage
FN:24,(anonymous_2)
FN:152,(anonymous_3)
FN:162,(anonymous_4)
FN:166,(anonymous_5)
FN:176,(anonymous_6)
FN:183,(anonymous_7)
FN:187,(anonymous_8)
FN:188,(anonymous_9)
FN:194,(anonymous_10)
FN:205,(anonymous_11)
FN:206,(anonymous_12)
FN:217,(anonymous_13)
FN:258,(anonymous_14)
FN:270,(anonymous_15)
FN:283,(anonymous_16)
FN:336,(anonymous_17)
FN:386,(anonymous_18)
FN:403,(anonymous_19)
FN:416,(anonymous_20)
FN:475,(anonymous_21)
FN:482,(anonymous_22)
FN:487,(anonymous_23)
FN:506,(anonymous_24)
FN:529,(anonymous_25)
FN:560,(anonymous_26)
FN:654,AccessoriPageWrapper
FNF:27
FNH:0
FNDA:0,AccessoriPage
FNDA:0,(anonymous_2)
FNDA:0,(anonymous_3)
FNDA:0,(anonymous_4)
FNDA:0,(anonymous_5)
FNDA:0,(anonymous_6)
FNDA:0,(anonymous_7)
FNDA:0,(anonymous_8)
FNDA:0,(anonymous_9)
FNDA:0,(anonymous_10)
FNDA:0,(anonymous_11)
FNDA:0,(anonymous_12)
FNDA:0,(anonymous_13)
FNDA:0,(anonymous_14)
FNDA:0,(anonymous_15)
FNDA:0,(anonymous_16)
FNDA:0,(anonymous_17)
FNDA:0,(anonymous_18)
FNDA:0,(anonymous_19)
FNDA:0,(anonymous_20)
FNDA:0,(anonymous_21)
FNDA:0,(anonymous_22)
FNDA:0,(anonymous_23)
FNDA:0,(anonymous_24)
FNDA:0,(anonymous_25)
FNDA:0,(anonymous_26)
FNDA:0,AccessoriPageWrapper
DA:3,0
DA:4,0
DA:5,0
DA:6,0
DA:10,0
DA:11,0
DA:12,0
DA:14,0
DA:15,0
DA:16,0
DA:17,0
DA:18,0
DA:19,0
DA:20,0
DA:21,0
DA:22,0
DA:24,0
DA:25,0
DA:26,0
DA:29,0
DA:152,0
DA:154,0
DA:162,0
DA:163,0
DA:164,0
DA:166,0
DA:167,0
DA:173,0
DA:174,0
DA:175,0
DA:176,0
DA:177,0
DA:180,0
DA:183,0
DA:184,0
DA:187,0
DA:188,0
DA:194,0
DA:195,0
DA:196,0
DA:197,0
DA:198,0
DA:200,0
DA:201,0
DA:202,0
DA:205,0
DA:206,0
DA:207,0
DA:208,0
DA:211,0
DA:217,0
DA:258,0
DA:271,0
DA:284,0
DA:285,0
DA:286,0
DA:287,0
DA:289,0
DA:337,0
DA:338,0
DA:339,0
DA:387,0
DA:388,0
DA:403,0
DA:417,0
DA:418,0
DA:419,0
DA:475,0
DA:482,0
DA:488,0
DA:489,0
DA:490,0
DA:507,0
DA:508,0
DA:529,0
DA:560,0
DA:654,0
LF:77
LH:0
BRDA:11,0,0,0
BRDA:11,0,1,0
BRDA:25,1,0,0
BRDA:25,1,1,0
BRDA:152,2,0,0
BRDA:152,2,1,0
BRDA:152,2,2,0
BRDA:163,3,0,0
BRDA:163,3,1,0
BRDA:173,4,0,0
BRDA:173,4,1,0
BRDA:184,5,0,0
BRDA:184,5,1,0
BRDA:190,6,0,0
BRDA:190,6,1,0
BRDA:195,7,0,0
BRDA:195,7,1,0
BRDA:196,8,0,0
BRDA:196,8,1,0
BRDA:196,9,0,0
BRDA:196,9,1,0
BRDA:196,9,2,0
BRDA:215,10,0,0
BRDA:272,11,0,0
BRDA:272,11,1,0
BRDA:285,12,0,0
BRDA:285,12,1,0
BRDA:287,13,0,0
BRDA:287,13,1,0
BRDA:303,14,0,0
BRDA:332,15,0,0
BRDA:332,15,1,0
BRDA:334,16,0,0
BRDA:334,16,1,0
BRDA:337,17,0,0
BRDA:337,17,1,0
BRDA:366,18,0,0
BRDA:384,19,0,0
BRDA:456,20,0,0
BRDA:461,21,0,0
BRDA:461,21,1,0
BRDA:462,22,0,0
BRDA:478,23,0,0
BRDA:478,23,1,0
BRDA:545,24,0,0
BRF:45
BRH:0
end_of_record
TN:
SF:app/admin/page.js
FN:7,AdminPage
FN:11,(anonymous_2)
FN:17,(anonymous_3)
FN:54,(anonymous_4)
FN:56,(anonymous_5)
FN:59,(anonymous_6)
FN:70,(anonymous_7)
FN:73,(anonymous_8)
FN:89,(anonymous_9)
FN:93,(anonymous_10)
FN:97,(anonymous_11)
FN:124,(anonymous_12)
FN:198,(anonymous_13)
FN:216,(anonymous_14)
FN:225,(anonymous_15)
FN:225,(anonymous_16)
FN:306,(anonymous_17)
FN:306,(anonymous_18)
FN:312,(anonymous_19)
FN:349,(anonymous_20)
FN:396,(anonymous_21)
FN:397,(anonymous_22)
FN:398,(anonymous_23)
FN:399,(anonymous_24)
FN:400,(anonymous_25)
FN:401,(anonymous_26)
FN:426,(anonymous_27)
FN:427,(anonymous_28)
FN:464,(anonymous_29)
FN:465,(anonymous_30)
FNF:30
FNH:0
FNDA:0,AdminPage
FNDA:0,(anonymous_2)
FNDA:0,(anonymous_3)
FNDA:0,(anonymous_4)
FNDA:0,(anonymous_5)
FNDA:0,(anonymous_6)
FNDA:0,(anonymous_7)
FNDA:0,(anonymous_8)
FNDA:0,(anonymous_9)
FNDA:0,(anonymous_10)
FNDA:0,(anonymous_11)
FNDA:0,(anonymous_12)
FNDA:0,(anonymous_13)
FNDA:0,(anonymous_14)
FNDA:0,(anonymous_15)
FNDA:0,(anonymous_16)
FNDA:0,(anonymous_17)
FNDA:0,(anonymous_18)
FNDA:0,(anonymous_19)
FNDA:0,(anonymous_20)
FNDA:0,(anonymous_21)
FNDA:0,(anonymous_22)
FNDA:0,(anonymous_23)
FNDA:0,(anonymous_24)
FNDA:0,(anonymous_25)
FNDA:0,(anonymous_26)
FNDA:0,(anonymous_27)
FNDA:0,(anonymous_28)
FNDA:0,(anonymous_29)
FNDA:0,(anonymous_30)
DA:3,0
DA:4,0
DA:5,0
DA:7,0
DA:8,0
DA:9,0
DA:10,0
DA:11,0
DA:12,0
DA:13,0
DA:14,0
DA:17,0
DA:18,0
DA:23,0
DA:28,0
DA:30,0
DA:43,0
DA:44,0
DA:45,0
DA:46,0
DA:48,0
DA:54,0
DA:55,0
DA:56,0
DA:59,0
DA:60,0
DA:61,0
DA:62,0
DA:63,0
DA:64,0
DA:66,0
DA:70,0
DA:71,0
DA:73,0
DA:74,0
DA:79,0
DA:80,0
DA:82,0
DA:86,0
DA:89,0
DA:90,0
DA:91,0
DA:93,0
DA:94,0
DA:97,0
DA:98,0
DA:99,0
DA:101,0
DA:102,0
DA:104,0
DA:105,0
DA:110,0
DA:112,0
DA:113,0
DA:115,0
DA:116,0
DA:119,0
DA:120,0
DA:124,0
DA:125,0
DA:127,0
DA:128,0
DA:129,0
DA:133,0
DA:149,0
DA:151,0
DA:152,0
DA:161,0
DA:174,0
DA:176,0
DA:177,0
DA:178,0
DA:179,0
DA:180,0
DA:181,0
DA:183,0
DA:188,0
DA:190,0
DA:193,0
DA:194,0
DA:198,0
DA:199,0
DA:211,0
DA:212,0
DA:213,0
DA:216,0
DA:217,0
DA:218,0
DA:224,0
DA:225,0
DA:227,0
DA:230,0
DA:234,0
DA:247,0
DA:258,0
DA:264,0
DA:266,0
DA:306,0
DA:313,0
DA:317,0
DA:318,0
DA:320,0
DA:350,0
DA:396,0
DA:397,0
DA:398,0
DA:399,0
DA:400,0
DA:402,0
DA:403,0
DA:426,0
DA:428,0
DA:464,0
DA:465,0
LF:114
LH:0
BRDA:13,0,0,0
BRDA:13,0,1,0
BRDA:61,1,0,0
BRDA:61,1,1,0
BRDA:61,2,0,0
BRDA:61,2,1,0
BRDA:71,3,0,0
BRDA:71,3,1,0
BRDA:79,4,0,0
BRDA:79,4,1,0
BRDA:91,5,0,0
BRDA:91,5,1,0
BRDA:94,6,0,0
BRDA:94,6,1,0
BRDA:99,7,0,0
BRDA:99,7,1,0
BRDA:112,8,0,0
BRDA:112,8,1,0
BRDA:127,9,0,0
BRDA:127,9,1,0
BRDA:128,10,0,0
BRDA:128,10,1,0
BRDA:129,11,0,0
BRDA:129,11,1,0
BRDA:129,12,0,0
BRDA:129,12,1,0
BRDA:140,13,0,0
BRDA:140,13,1,0
BRDA:141,14,0,0
BRDA:141,14,1,0
BRDA:151,15,0,0
BRDA:151,15,1,0
BRDA:176,16,0,0
BRDA:176,16,1,0
BRDA:177,17,0,0
BRDA:177,17,1,0
BRDA:177,18,0,0
BRDA:177,18,1,0
BRDA:188,19,0,0
BRDA:188,19,1,0
BRDA:190,20,0,0
BRDA:190,20,1,0
BRDA:206,21,0,0
BRDA:206,21,1,0
BRDA:207,22,0,0
BRDA:207,22,1,0
BRDA:208,23,0,0
BRDA:208,23,1,0
BRDA:209,24,0,0
BRDA:209,24,1,0
BRDA:224,25,0,0
BRDA:224,25,1,0
BRDA:264,26,0,0
BRDA:264,26,1,0
BRDA:266,27,0,0
BRDA:266,27,1,0
BRDA:293,28,0,0
BRDA:317,29,0,0
BRDA:317,29,1,0
BRDA:346,30,0,0
BRDA:358,31,0,0
BRDA:358,31,1,0
BRDA:370,32,0,0
BRDA:391,33,0,0
BRDA:391,33,1,0
BRDA:411,34,0,0
BRDA:438,35,0,0
BRDA:458,36,0,0
BRDA:458,36,1,0
BRDA:460,37,0,0
BRDA:460,37,1,0
BRDA:461,38,0,0
BRDA:461,38,1,0
BRF:73
BRH:0
end_of_record
TN:
SF:app/admin/clienti/page.js
FN:9,ClientiPage
FN:14,(anonymous_3)
FN:15,fetchClienti
FN:22,(anonymous_5)
FN:23,(anonymous_6)
FN:25,(anonymous_7)
FN:30,(anonymous_8)
FN:34,(anonymous_9)
FN:39,(anonymous_10)
FN:41,(anonymous_11)
FN:51,(anonymous_12)
FN:53,(anonymous_13)
FN:64,(anonymous_14)
FN:68,(anonymous_15)
FN:75,(anonymous_16)
FN:81,(anonymous_17)
FN:97,(anonymous_18)
FN:99,(anonymous_19)
FN:100,(anonymous_20)
FN:117,(anonymous_21)
FN:132,(anonymous_22)
FN:138,(anonymous_23)
FN:145,(anonymous_24)
FN:150,(anonymous_25)
FN:151,(anonymous_26)
FNF:25
FNH:0
FNDA:0,ClientiPage
FNDA:0,(anonymous_3)
FNDA:0,fetchClienti
FNDA:0,(anonymous_5)
FNDA:0,(anonymous_6)
FNDA:0,(anonymous_7)
FNDA:0,(anonymous_8)
FNDA:0,(anonymous_9)
FNDA:0,(anonymous_10)
FNDA:0,(anonymous_11)
FNDA:0,(anonymous_12)
FNDA:0,(anonymous_13)
FNDA:0,(anonymous_14)
FNDA:0,(anonymous_15)
FNDA:0,(anonymous_16)
FNDA:0,(anonymous_17)
FNDA:0,(anonymous_18)
FNDA:0,(anonymous_19)
FNDA:0,(anonymous_20)
FNDA:0,(anonymous_21)
FNDA:0,(anonymous_22)
FNDA:0,(anonymous_23)
FNDA:0,(anonymous_24)
FNDA:0,(anonymous_25)
FNDA:0,(anonymous_26)
DA:3,0
DA:4,0
DA:5,0
DA:6,0
DA:7,0
DA:9,0
DA:10,0
DA:11,0
DA:12,0
DA:14,0
DA:16,0
DA:17,0
DA:19,0
DA:22,0
DA:23,0
DA:24,0
DA:25,0
DA:30,0
DA:31,0
DA:32,0
DA:34,0
DA:36,0
DA:39,0
DA:40,0
DA:41,0
DA:51,0
DA:53,0
DA:54,0
DA:55,0
DA:56,0
DA:57,0
DA:58,0
DA:59,0
DA:60,0
DA:61,0
DA:64,0
DA:65,0
DA:66,0
DA:68,0
DA:75,0
DA:78,0
DA:81,0
DA:82,0
DA:84,0
DA:90,0
DA:91,0
DA:93,0
DA:97,0
DA:98,0
DA:99,0
DA:101,0
DA:102,0
DA:103,0
DA:117,0
DA:133,0
DA:138,0
DA:145,0
DA:150,0
DA:152,0
LF:59
LH:0
BRDA:17,0,0,0
BRDA:17,0,1,0
BRDA:24,1,0,0
BRDA:24,1,1,0
BRDA:31,2,0,0
BRDA:31,2,1,0
BRDA:51,3,0,0
BRDA:51,3,1,0
BRDA:51,4,0,0
BRDA:51,4,1,0
BRDA:75,5,0,0
BRDA:75,5,1,0
BRDA:75,6,0,0
BRDA:75,6,1,0
BRDA:82,7,0,0
BRDA:82,7,1,0
BRDA:90,8,0,0
BRDA:90,8,1,0
BRDA:101,9,0,0
BRDA:101,9,1,0
BRDA:102,10,0,0
BRDA:102,10,1,0
BRDA:145,11,0,0
BRDA:145,11,1,0
BRDA:145,12,0,0
BRDA:145,12,1,0
BRDA:149,13,0,0
BRDA:149,13,1,0
BRDA:150,14,0,0
BRDA:150,14,1,0
BRDA:153,15,0,0
BRDA:153,15,1,0
BRDA:154,16,0,0
BRDA:154,16,1,0
BRF:34
BRH:0
end_of_record
TN:
SF:app/admin/edit/[id]/page.tsx
FN:14,EditProductPage
FN:27,(anonymous_5)
FN:30,(anonymous_6)
FN:31,(anonymous_7)
FN:32,(anonymous_8)
FN:35,(anonymous_9)
FN:39,(anonymous_10)
FN:42,(anonymous_11)
FNF:8
FNH:0
FNDA:0,EditProductPage
FNDA:0,(anonymous_5)
FNDA:0,(anonymous_6)
FNDA:0,(anonymous_7)
FNDA:0,(anonymous_8)
FNDA:0,(anonymous_9)
FNDA:0,(anonymous_10)
FNDA:0,(anonymous_11)
DA:3,0
DA:4,0
DA:14,0
DA:15,0
DA:16,0
DA:17,0
DA:19,0
DA:27,0
DA:28,0
DA:29,0
DA:30,0
DA:31,0
DA:32,0
DA:35,0
DA:38,0
DA:39,0
DA:42,0
DA:43,0
DA:44,0
DA:50,0
DA:51,0
DA:52,0
DA:54,0
LF:23
LH:0
BRDA:17,0,0,0
BRDA:17,0,1,0
BRDA:17,1,0,0
BRDA:17,1,1,0
BRDA:28,2,0,0
BRDA:28,2,1,0
BRDA:50,3,0,0
BRDA:50,3,1,0
BRDA:107,4,0,0
BRF:9
BRH:0
end_of_record
TN:
SF:app/admin/edit/id/page.tsx
FN:14,EditProductPage
FN:27,(anonymous_5)
FN:30,(anonymous_6)
FN:31,(anonymous_7)
FN:32,(anonymous_8)
FN:35,(anonymous_9)
FN:39,(anonymous_10)
FN:42,(anonymous_11)
FNF:8
FNH:0
FNDA:0,EditProductPage
FNDA:0,(anonymous_5)
FNDA:0,(anonymous_6)
FNDA:0,(anonymous_7)
FNDA:0,(anonymous_8)
FNDA:0,(anonymous_9)
FNDA:0,(anonymous_10)
FNDA:0,(anonymous_11)
DA:3,0
DA:4,0
DA:14,0
DA:15,0
DA:16,0
DA:17,0
DA:19,0
DA:27,0
DA:28,0
DA:29,0
DA:30,0
DA:31,0
DA:32,0
DA:35,0
DA:38,0
DA:39,0
DA:42,0
DA:43,0
DA:44,0
DA:50,0
DA:51,0
DA:52,0
DA:54,0
LF:23
LH:0
BRDA:17,0,0,0
BRDA:17,0,1,0
BRDA:17,1,0,0
BRDA:17,1,1,0
BRDA:28,2,0,0
BRDA:28,2,1,0
BRDA:50,3,0,0
BRDA:50,3,1,0
BRF:8
BRH:0
end_of_record
TN:
SF:app/admin/inventario/page.js
FN:6,MagazzinoPage
FN:10,(anonymous_2)
FN:11,(anonymous_3)
FN:21,(anonymous_4)
FN:26,(anonymous_5)
FN:36,(anonymous_6)
FN:44,(anonymous_7)
FN:46,(anonymous_8)
FN:58,(anonymous_9)
FN:64,(anonymous_10)
FN:79,(anonymous_11)
FN:102,(anonymous_12)
FNF:12
FNH:0
FNDA:0,MagazzinoPage
FNDA:0,(anonymous_2)
FNDA:0,(anonymous_3)
FNDA:0,(anonymous_4)
FNDA:0,(anonymous_5)
FNDA:0,(anonymous_6)
FNDA:0,(anonymous_7)
FNDA:0,(anonymous_8)
FNDA:0,(anonymous_9)
FNDA:0,(anonymous_10)
FNDA:0,(anonymous_11)
FNDA:0,(anonymous_12)
DA:3,0
DA:4,0
DA:6,0
DA:7,0
DA:8,0
DA:10,0
DA:11,0
DA:12,0
DA:17,0
DA:18,0
DA:21,0
DA:22,0
DA:25,0
DA:26,0
DA:29,0
DA:33,0
DA:36,0
DA:37,0
DA:38,0
DA:39,0
DA:40,0
DA:41,0
DA:44,0
DA:46,0
DA:47,0
DA:49,0
DA:59,0
DA:65,0
DA:80,0
DA:81,0
DA:102,0
LF:31
LH:0
BRDA:17,0,0,0
BRDA:17,0,1,0
BRDA:26,1,0,0
BRDA:26,1,1,0
BRDA:26,2,0,0
BRDA:26,2,1,0
BRDA:38,3,0,0
BRDA:38,3,1,0
BRDA:39,4,0,0
BRDA:39,4,1,0
BRDA:47,5,0,0
BRDA:47,5,1,0
BRDA:102,6,0,0
BRDA:102,6,1,0
BRDA:102,7,0,0
BRDA:102,7,1,0
BRF:16
BRH:0
end_of_record
TN:
SF:app/admin/login/page.js
FN:6,AdminLogin
FN:15,(anonymous_2)
FN:16,(anonymous_3)
FN:21,(anonymous_4)
FN:48,(anonymous_5)
FN:57,(anonymous_6)
FN:64,(anonymous_7)
FN:71,(anonymous_8)
FN:99,(anonymous_9)
FN:107,(anonymous_10)
FN:127,(anonymous_11)
FN:134,(anonymous_12)
FNF:12
FNH:0
FNDA:0,AdminLogin
FNDA:0,(anonymous_2)
FNDA:0,(anonymous_3)
FNDA:0,(anonymous_4)
FNDA:0,(anonymous_5)
FNDA:0,(anonymous_6)
FNDA:0,(anonymous_7)
FNDA:0,(anonymous_8)
FNDA:0,(anonymous_9)
FNDA:0,(anonymous_10)
FNDA:0,(anonymous_11)
FNDA:0,(anonymous_12)
DA:2,0
DA:3,0
DA:4,0
DA:6,0
DA:7,0
DA:8,0
DA:9,0
DA:10,0
DA:11,0
DA:12,0
DA:13,0
DA:15,0
DA:16,0
DA:17,0
DA:21,0
DA:22,0
DA:24,0
DA:25,0
DA:27,0
DA:28,0
DA:30,0
DA:36,0
DA:42,0
DA:44,0
DA:48,0
DA:49,0
DA:53,0
DA:54,0
DA:57,0
DA:58,0
DA:61,0
DA:64,0
DA:65,0
DA:68,0
DA:71,0
DA:72,0
DA:73,0
DA:74,0
DA:99,0
DA:107,0
DA:127,0
DA:134,0
LF:42
LH:0
BRDA:17,0,0,0
BRDA:17,0,1,0
BRDA:27,1,0,0
BRDA:27,1,1,0
BRDA:27,2,0,0
BRDA:27,2,1,0
BRDA:53,3,0,0
BRDA:53,3,1,0
BRDA:61,4,0,0
BRDA:61,4,1,0
BRDA:68,5,0,0
BRDA:68,5,1,0
BRDA:162,6,0,0
BRDA:163,7,0,0
BRF:14
BRH:0
end_of_record
TN:
SF:app/admin/offerte/page.js
FN:8,OffertePageWrapper
FN:15,OffertePage
FN:37,(anonymous_3)
FN:39,(anonymous_4)
FN:40,(anonymous_5)
FN:50,(anonymous_6)
FN:58,(anonymous_7)
FN:59,(anonymous_8)
FN:65,(anonymous_9)
FN:72,(anonymous_10)
FN:73,(anonymous_11)
FN:90,(anonymous_12)
FN:133,(anonymous_13)
FN:145,(anonymous_14)
FN:164,(anonymous_15)
FN:169,(anonymous_16)
FN:200,(anonymous_17)
FN:200,(anonymous_18)
FN:201,(anonymous_19)
FN:202,(anonymous_20)
FN:212,(anonymous_21)
FN:226,(anonymous_22)
FN:246,(anonymous_23)
FN:264,(anonymous_24)
FNF:24
FNH:0
FNDA:0,OffertePageWrapper
FNDA:0,OffertePage
FNDA:0,(anonymous_3)
FNDA:0,(anonymous_4)
FNDA:0,(anonymous_5)
FNDA:0,(anonymous_6)
FNDA:0,(anonymous_7)
FNDA:0,(anonymous_8)
FNDA:0,(anonymous_9)
FNDA:0,(anonymous_10)
FNDA:0,(anonymous_11)
FNDA:0,(anonymous_12)
FNDA:0,(anonymous_13)
FNDA:0,(anonymous_14)
FNDA:0,(anonymous_15)
FNDA:0,(anonymous_16)
FNDA:0,(anonymous_17)
FNDA:0,(anonymous_18)
FNDA:0,(anonymous_19)
FNDA:0,(anonymous_20)
FNDA:0,(anonymous_21)
FNDA:0,(anonymous_22)
FNDA:0,(anonymous_23)
FNDA:0,(anonymous_24)
DA:3,0
DA:4,0
DA:5,0
DA:8,0
DA:17,0
DA:18,0
DA:19,0
DA:21,0
DA:22,0
DA:23,0
DA:24,0
DA:26,0
DA:37,0
DA:39,0
DA:40,0
DA:41,0
DA:47,0
DA:48,0
DA:49,0
DA:50,0
DA:51,0
DA:55,0
DA:58,0
DA:59,0
DA:65,0
DA:66,0
DA:67,0
DA:68,0
DA:69,0
DA:72,0
DA:73,0
DA:74,0
DA:75,0
DA:91,0
DA:92,0
DA:94,0
DA:133,0
DA:145,0
DA:164,0
DA:169,0
DA:200,0
DA:201,0
DA:202,0
DA:203,0
DA:212,0
DA:226,0
DA:246,0
DA:264,0
LF:48
LH:0
BRDA:18,0,0,0
BRDA:18,0,1,0
BRDA:37,1,0,0
BRDA:37,1,1,0
BRDA:37,1,2,0
BRDA:47,2,0,0
BRDA:47,2,1,0
BRDA:47,3,0,0
BRDA:47,3,1,0
BRDA:61,4,0,0
BRDA:61,4,1,0
BRDA:66,5,0,0
BRDA:66,5,1,0
BRDA:91,6,0,0
BRDA:91,6,1,0
BRDA:138,7,0,0
BRDA:138,7,1,0
BRDA:150,8,0,0
BRDA:150,8,1,0
BRDA:187,9,0,0
BRDA:262,10,0,0
BRF:21
BRH:0
end_of_record
TN:
SF:app/admin/ordini/page.js
FN:6,OrdiniPage
FN:10,(anonymous_2)
FN:11,(anonymous_3)
FN:21,(anonymous_4)
FN:33,(anonymous_5)
FN:46,(anonymous_6)
FN:52,(anonymous_7)
FN:58,(anonymous_8)
FN:63,(anonymous_9)
FN:80,(anonymous_10)
FN:91,(anonymous_11)
FN:111,(anonymous_12)
FNF:12
FNH:0
FNDA:0,OrdiniPage
FNDA:0,(anonymous_2)
FNDA:0,(anonymous_3)
FNDA:0,(anonymous_4)
FNDA:0,(anonymous_5)
FNDA:0,(anonymous_6)
FNDA:0,(anonymous_7)
FNDA:0,(anonymous_8)
FNDA:0,(anonymous_9)
FNDA:0,(anonymous_10)
FNDA:0,(anonymous_11)
FNDA:0,(anonymous_12)
DA:2,0
DA:3,0
DA:4,0
DA:6,0
DA:7,0
DA:8,0
DA:10,0
DA:11,0
DA:12,0
DA:17,0
DA:18,0
DA:19,0
DA:21,0
DA:26,0
DA:30,0
DA:33,0
DA:34,0
DA:35,0
DA:40,0
DA:41,0
DA:42,0
DA:43,0
DA:46,0
DA:47,0
DA:49,0
DA:52,0
DA:53,0
DA:58,0
DA:59,0
DA:63,0
DA:64,0
DA:81,0
DA:91,0
DA:111,0
LF:34
LH:0
BRDA:18,0,0,0
BRDA:18,0,1,0
BRDA:23,1,0,0
BRDA:23,1,1,0
BRDA:24,2,0,0
BRDA:24,2,1,0
BRDA:37,3,0,0
BRDA:37,3,1,0
BRDA:40,4,0,0
BRDA:40,4,1,0
BRDA:47,5,0,0
BRDA:47,5,1,0
BRDA:53,6,0,0
BRDA:53,6,1,0
BRDA:53,6,2,0
BRDA:59,7,0,0
BRDA:59,7,1,0
BRDA:59,7,2,0
BRDA:88,8,0,0
BRDA:89,9,0,0
BRDA:89,9,1,0
BRDA:130,10,0,0
BRDA:142,11,0,0
BRF:23
BRH:0
end_of_record
TN:
SF:app/admin/reset-password/page.js
FN:6,ResetPasswordPage
FN:12,(anonymous_2)
FN:51,(anonymous_3)
FN:59,(anonymous_4)
FNF:4
FNH:0
FNDA:0,ResetPasswordPage
FNDA:0,(anonymous_2)
FNDA:0,(anonymous_3)
FNDA:0,(anonymous_4)
DA:3,0
DA:4,0
DA:6,0
DA:7,0
DA:8,0
DA:9,0
DA:10,0
DA:12,0
DA:13,0
DA:14,0
DA:15,0
DA:18,0
DA:19,0
DA:20,0
DA:23,0
DA:25,0
DA:26,0
DA:28,0
DA:29,0
DA:51,0
DA:59,0
LF:21
LH:0
BRDA:13,0,0,0
BRDA:13,0,1,0
BRDA:13,1,0,0
BRDA:13,1,1,0
BRDA:18,2,0,0
BRDA:18,2,1,0
BRDA:25,3,0,0
BRDA:25,3,1,0
BRDA:70,4,0,0
BRDA:71,5,0,0
BRDA:71,5,1,0
BRF:11
BRH:0
end_of_record
TN:
SF:app/admin/spedizioni/page.js
FN:1,SpedizioniPage
FNF:1
FNH:0
FNDA:0,SpedizioniPage
DA:1,0
LF:1
LH:0
BRF:0
BRH:0
end_of_record
TN:
SF:app/admin/vendite/VenditePageContent.js
FN:4,VenditePageContent
FNF:1
FNH:0
FNDA:0,VenditePageContent
DA:2,0
DA:4,0
DA:5,0
LF:3
LH:0
BRF:0
BRH:0
end_of_record
TN:
SF:app/admin/vendite/page.js
FN:5,VenditePageWrapper
FNF:1
FNH:0
FNDA:0,VenditePageWrapper
DA:2,0
DA:3,0
DA:5,0
LF:3
LH:0
BRF:0
BRH:0
end_of_record
TN:
SF:app/ar/page.js
FN:6,ArabicPage
FNF:1
FNH:0
FNDA:0,ArabicPage
DA:2,0
DA:3,0
DA:4,0
DA:6,0
LF:4
LH:0
BRF:0
BRH:0
end_of_record
TN:
SF:app/brand/page.js
FN:7,BrandPage
FN:14,BrandPageContent
FNF:2
FNH:0
FNDA:0,BrandPage
FNDA:0,BrandPageContent
DA:3,0
DA:4,0
DA:5,0
DA:7,0
DA:15,0
DA:16,0
DA:18,0
LF:7
LH:0
BRDA:16,0,0,0
BRDA:16,0,1,0
BRDA:107,1,0,0
BRDA:107,1,1,0
BRF:4
BRH:0
end_of_record
TN:
SF:app/checkout/page.js
FN:7,CheckoutPage
FN:11,(anonymous_3)
FN:40,(anonymous_4)
FN:41,(anonymous_5)
FN:46,(anonymous_6)
FN:50,(anonymous_7)
FN:54,(anonymous_8)
FN:67,(anonymous_9)
FN:99,(anonymous_10)
FN:105,(anonymous_11)
FN:108,(anonymous_12)
FN:125,(anonymous_13)
FN:144,(anonymous_14)
FN:211,(anonymous_15)
FN:231,(anonymous_16)
FN:285,(anonymous_17)
FN:297,(anonymous_18)
FN:333,(anonymous_19)
FN:341,(anonymous_20)
FN:655,(anonymous_21)
FN:677,(anonymous_22)
FN:730,(anonymous_23)
FN:746,(anonymous_24)
FN:753,(anonymous_25)
FN:767,(anonymous_26)
FN:783,(anonymous_27)
FN:784,(anonymous_28)
FN:785,(anonymous_29)
FN:786,(anonymous_30)
FN:787,(anonymous_31)
FN:788,(anonymous_32)
FN:789,(anonymous_33)
FN:790,(anonymous_34)
FN:791,(anonymous_35)
FN:801,(anonymous_36)
FNF:35
FNH:0
FNDA:0,CheckoutPage
FNDA:0,(anonymous_3)
FNDA:0,(anonymous_4)
FNDA:0,(anonymous_5)
FNDA:0,(anonymous_6)
FNDA:0,(anonymous_7)
FNDA:0,(anonymous_8)
FNDA:0,(anonymous_9)
FNDA:0,(anonymous_10)
FNDA:0,(anonymous_11)
FNDA:0,(anonymous_12)
FNDA:0,(anonymous_13)
FNDA:0,(anonymous_14)
FNDA:0,(anonymous_15)
FNDA:0,(anonymous_16)
FNDA:0,(anonymous_17)
FNDA:0,(anonymous_18)
FNDA:0,(anonymous_19)
FNDA:0,(anonymous_20)
FNDA:0,(anonymous_21)
FNDA:0,(anonymous_22)
FNDA:0,(anonymous_23)
FNDA:0,(anonymous_24)
FNDA:0,(anonymous_25)
FNDA:0,(anonymous_26)
FNDA:0,(anonymous_27)
FNDA:0,(anonymous_28)
FNDA:0,(anonymous_29)
FNDA:0,(anonymous_30)
FNDA:0,(anonymous_31)
FNDA:0,(anonymous_32)
FNDA:0,(anonymous_33)
FNDA:0,(anonymous_34)
FNDA:0,(anonymous_35)
FNDA:0,(anonymous_36)
DA:3,0
DA:4,0
DA:5,0
DA:7,0
DA:8,0
DA:9,0
DA:11,0
DA:12,0
DA:13,0
DA:14,0
DA:17,0
DA:18,0
DA:19,0
DA:20,0
DA:21,0
DA:22,0
DA:23,0
DA:24,0
DA:25,0
DA:26,0
DA:27,0
DA:28,0
DA:29,0
DA:30,0
DA:31,0
DA:32,0
DA:33,0
DA:34,0
DA:37,0
DA:39,0
DA:40,0
DA:41,0
DA:42,0
DA:46,0
DA:47,0
DA:48,0
DA:49,0
DA:50,0
DA:51,0
DA:54,0
DA:55,0
DA:67,0
DA:68,0
DA:69,0
DA:70,0
DA:71,0
DA:77,0
DA:78,0
DA:79,0
DA:80,0
DA:81,0
DA:82,0
DA:83,0
DA:84,0
DA:85,0
DA:86,0
DA:89,0
DA:90,0
DA:92,0
DA:93,0
DA:94,0
DA:99,0
DA:100,0
DA:101,0
DA:102,0
DA:105,0
DA:108,0
DA:109,0
DA:110,0
DA:111,0
DA:112,0
DA:116,0
DA:120,0
DA:125,0
DA:126,0
DA:127,0
DA:128,0
DA:144,0
DA:145,0
DA:146,0
DA:152,0
DA:154,0
DA:155,0
DA:170,0
DA:173,0
DA:179,0
DA:181,0
DA:200,0
DA:202,0
DA:203,0
DA:206,0
DA:207,0
DA:211,0
DA:212,0
DA:213,0
DA:215,0
DA:216,0
DA:217,0
DA:222,0
DA:225,0
DA:226,0
DA:227,0
DA:228,0
DA:231,0
DA:232,0
DA:234,0
DA:235,0
DA:236,0
DA:237,0
DA:240,0
DA:241,0
DA:242,0
DA:243,0
DA:246,0
DA:247,0
DA:253,0
DA:255,0
DA:256,0
DA:257,0
DA:258,0
DA:261,0
DA:269,0
DA:271,0
DA:272,0
DA:273,0
DA:274,0
DA:277,0
DA:278,0
DA:280,0
DA:281,0
DA:285,0
DA:286,0
DA:287,0
DA:288,0
DA:290,0
DA:291,0
DA:292,0
DA:294,0
DA:297,0
DA:298,0
DA:300,0
DA:301,0
DA:302,0
DA:303,0
DA:308,0
DA:309,0
DA:310,0
DA:311,0
DA:312,0
DA:316,0
DA:317,0
DA:318,0
DA:319,0
DA:322,0
DA:324,0
DA:325,0
DA:327,0
DA:328,0
DA:329,0
DA:333,0
DA:334,0
DA:335,0
DA:337,0
DA:338,0
DA:341,0
DA:342,0
DA:343,0
DA:344,0
DA:345,0
DA:349,0
DA:642,0
DA:656,0
DA:677,0
DA:730,0
DA:746,0
DA:753,0
DA:767,0
DA:783,0
DA:784,0
DA:785,0
DA:786,0
DA:787,0
DA:788,0
DA:789,0
DA:790,0
DA:791,0
DA:801,0
LF:187
LH:0
BRDA:12,0,0,0
BRDA:12,0,1,0
BRDA:42,1,0,0
BRDA:42,1,1,0
BRDA:49,2,0,0
BRDA:49,2,1,0
BRDA:56,3,0,0
BRDA:56,3,1,0
BRDA:56,3,2,0
BRDA:56,3,3,0
BRDA:56,3,4,0
BRDA:56,3,5,0
BRDA:56,3,6,0
BRDA:56,3,7,0
BRDA:69,4,0,0
BRDA:69,4,1,0
BRDA:77,5,0,0
BRDA:77,5,1,0
BRDA:78,6,0,0
BRDA:78,6,1,0
BRDA:79,7,0,0
BRDA:79,7,1,0
BRDA:80,8,0,0
BRDA:80,8,1,0
BRDA:81,9,0,0
BRDA:81,9,1,0
BRDA:82,10,0,0
BRDA:82,10,1,0
BRDA:83,11,0,0
BRDA:83,11,1,0
BRDA:84,12,0,0
BRDA:84,12,1,0
BRDA:85,13,0,0
BRDA:85,13,1,0
BRDA:86,14,0,0
BRDA:86,14,1,0
BRDA:90,15,0,0
BRDA:90,15,1,0
BRDA:90,16,0,0
BRDA:90,16,1,0
BRDA:102,17,0,0
BRDA:102,17,1,0
BRDA:109,18,0,0
BRDA:109,18,1,0
BRDA:110,19,0,0
BRDA:110,19,1,0
BRDA:110,20,0,0
BRDA:110,20,1,0
BRDA:112,21,0,0
BRDA:112,21,1,0
BRDA:116,22,0,0
BRDA:116,22,1,0
BRDA:127,23,0,0
BRDA:127,23,1,0
BRDA:131,24,0,0
BRDA:131,24,1,0
BRDA:152,25,0,0
BRDA:152,25,1,0
BRDA:154,26,0,0
BRDA:154,26,1,0
BRDA:170,27,0,0
BRDA:170,27,1,0
BRDA:174,28,0,0
BRDA:174,28,1,0
BRDA:174,29,0,0
BRDA:174,29,1,0
BRDA:200,30,0,0
BRDA:200,30,1,0
BRDA:206,31,0,0
BRDA:206,31,1,0
BRDA:215,32,0,0
BRDA:215,32,1,0
BRDA:218,33,0,0
BRDA:218,33,1,0
BRDA:234,34,0,0
BRDA:234,34,1,0
BRDA:234,35,0,0
BRDA:234,35,1,0
BRDA:240,36,0,0
BRDA:240,36,1,0
BRDA:253,37,0,0
BRDA:253,37,1,0
BRDA:255,38,0,0
BRDA:255,38,1,0
BRDA:269,39,0,0
BRDA:269,39,1,0
BRDA:272,40,0,0
BRDA:272,40,1,0
BRDA:278,41,0,0
BRDA:278,41,1,0
BRDA:280,42,0,0
BRDA:280,42,1,0
BRDA:286,43,0,0
BRDA:286,43,1,0
BRDA:286,44,0,0
BRDA:286,44,1,0
BRDA:286,44,2,0
BRDA:286,44,3,0
BRDA:286,44,4,0
BRDA:286,44,5,0
BRDA:286,44,6,0
BRDA:286,44,7,0
BRDA:290,45,0,0
BRDA:290,45,1,0
BRDA:298,46,0,0
BRDA:298,46,1,0
BRDA:302,47,0,0
BRDA:302,47,1,0
BRDA:302,48,0,0
BRDA:302,48,1,0
BRDA:308,49,0,0
BRDA:308,49,1,0
BRDA:309,50,0,0
BRDA:309,50,1,0
BRDA:317,51,0,0
BRDA:317,51,1,0
BRDA:322,52,0,0
BRDA:322,52,1,0
BRDA:327,53,0,0
BRDA:327,53,1,0
BRDA:335,54,0,0
BRDA:335,54,1,0
BRDA:642,55,0,0
BRDA:642,55,1,0
BRDA:651,56,0,0
BRDA:658,57,0,0
BRDA:658,57,1,0
BRDA:661,58,0,0
BRDA:661,58,1,0
BRDA:661,59,0,0
BRDA:661,59,1,0
BRDA:665,60,0,0
BRDA:665,60,1,0
BRDA:669,61,0,0
BRDA:669,61,1,0
BRDA:673,62,0,0
BRDA:673,62,1,0
BRDA:690,63,0,0
BRDA:706,64,0,0
BRDA:706,64,1,0
BRDA:711,65,0,0
BRDA:711,65,1,0
BRDA:713,66,0,0
BRDA:713,66,1,0
BRDA:718,67,0,0
BRDA:722,68,0,0
BRDA:722,68,1,0
BRDA:723,69,0,0
BRDA:723,69,1,0
BRDA:724,70,0,0
BRDA:724,70,1,0
BRDA:725,71,0,0
BRDA:725,71,1,0
BRDA:726,72,0,0
BRDA:726,72,1,0
BRDA:727,73,0,0
BRDA:727,73,1,0
BRDA:728,74,0,0
BRDA:728,74,1,0
BRDA:737,75,0,0
BRDA:760,76,0,0
BRDA:760,76,1,0
BRDA:764,77,0,0
BRDA:764,77,1,0
BRDA:764,78,0,0
BRDA:764,78,1,0
BRDA:771,79,0,0
BRDA:771,79,1,0
BRDA:778,80,0,0
BRDA:780,81,0,0
BRDA:780,81,1,0
BRDA:795,82,0,0
BRDA:795,82,1,0
BRDA:800,83,0,0
BRF:174
BRH:0
end_of_record
TN:
SF:app/de/page.js
FN:6,GermanPage
FNF:1
FNH:0
FNDA:0,GermanPage
DA:2,0
DA:3,0
DA:4,0
DA:6,0
LF:4
LH:0
BRF:0
BRH:0
end_of_record
TN:
SF:app/en/page.js
FN:6,EnglishPage
FNF:1
FNH:0
FNDA:0,EnglishPage
DA:2,0
DA:3,0
DA:4,0
DA:6,0
LF:4
LH:0
BRF:0
BRH:0
end_of_record
TN:
SF:app/es/page.js
FN:6,SpanishPage
FNF:1
FNH:0
FNDA:0,SpanishPage
DA:2,0
DA:3,0
DA:4,0
DA:6,0
LF:4
LH:0
BRF:0
BRH:0
end_of_record
TN:
SF:app/eventi/page.js
FN:1,EventiPage
FNF:1
FNH:0
FNDA:0,EventiPage
DA:1,0
LF:1
LH:0
BRF:0
BRH:0
end_of_record
TN:
SF:app/fr/page.js
FN:7,FrenchPage
FNF:1
FNH:0
FNDA:0,FrenchPage
DA:3,0
DA:4,0
DA:5,0
DA:7,0
LF:4
LH:0
BRF:0
BRH:0
end_of_record
TN:
SF:app/gioielli/page.js
FN:9,GioielliPage
FN:25,(anonymous_2)
FN:154,(anonymous_3)
FN:161,(anonymous_4)
FN:165,(anonymous_5)
FN:175,(anonymous_6)
FN:182,(anonymous_7)
FN:186,(anonymous_8)
FN:187,(anonymous_9)
FN:193,(anonymous_10)
FN:204,(anonymous_11)
FN:205,(anonymous_12)
FN:215,(anonymous_13)
FN:256,(anonymous_14)
FN:268,(anonymous_15)
FN:280,(anonymous_16)
FN:307,(anonymous_17)
FN:354,(anonymous_18)
FN:371,(anonymous_19)
FN:384,(anonymous_20)
FN:433,(anonymous_21)
FN:435,(anonymous_22)
FN:437,(anonymous_23)
FN:442,(anonymous_24)
FN:461,(anonymous_25)
FN:484,(anonymous_26)
FN:515,(anonymous_27)
FN:532,(anonymous_28)
FN:569,(anonymous_29)
FN:583,(anonymous_30)
FN:591,(anonymous_31)
FN:595,(anonymous_32)
FN:623,GioielliPageWrapper
FNF:33
FNH:0
FNDA:0,GioielliPage
FNDA:0,(anonymous_2)
FNDA:0,(anonymous_3)
FNDA:0,(anonymous_4)
FNDA:0,(anonymous_5)
FNDA:0,(anonymous_6)
FNDA:0,(anonymous_7)
FNDA:0,(anonymous_8)
FNDA:0,(anonymous_9)
FNDA:0,(anonymous_10)
FNDA:0,(anonymous_11)
FNDA:0,(anonymous_12)
FNDA:0,(anonymous_13)
FNDA:0,(anonymous_14)
FNDA:0,(anonymous_15)
FNDA:0,(anonymous_16)
FNDA:0,(anonymous_17)
FNDA:0,(anonymous_18)
FNDA:0,(anonymous_19)
FNDA:0,(anonymous_20)
FNDA:0,(anonymous_21)
FNDA:0,(anonymous_22)
FNDA:0,(anonymous_23)
FNDA:0,(anonymous_24)
FNDA:0,(anonymous_25)
FNDA:0,(anonymous_26)
FNDA:0,(anonymous_27)
FNDA:0,(anonymous_28)
FNDA:0,(anonymous_29)
FNDA:0,(anonymous_30)
FNDA:0,(anonymous_31)
FNDA:0,(anonymous_32)
FNDA:0,GioielliPageWrapper
DA:3,0
DA:4,0
DA:5,0
DA:6,0
DA:10,0
DA:11,0
DA:12,0
DA:14,0
DA:15,0
DA:16,0
DA:17,0
DA:18,0
DA:19,0
DA:20,0
DA:21,0
DA:22,0
DA:25,0
DA:26,0
DA:27,0
DA:31,0
DA:154,0
DA:155,0
DA:161,0
DA:162,0
DA:163,0
DA:165,0
DA:166,0
DA:172,0
DA:173,0
DA:174,0
DA:175,0
DA:176,0
DA:179,0
DA:182,0
DA:183,0
DA:186,0
DA:187,0
DA:193,0
DA:194,0
DA:195,0
DA:196,0
DA:197,0
DA:199,0
DA:200,0
DA:201,0
DA:204,0
DA:205,0
DA:206,0
DA:207,0
DA:210,0
DA:215,0
DA:256,0
DA:269,0
DA:281,0
DA:282,0
DA:283,0
DA:284,0
DA:308,0
DA:309,0
DA:355,0
DA:356,0
DA:371,0
DA:385,0
DA:386,0
DA:387,0
DA:433,0
DA:435,0
DA:437,0
DA:443,0
DA:444,0
DA:445,0
DA:462,0
DA:463,0
DA:484,0
DA:515,0
DA:532,0
DA:569,0
DA:583,0
DA:592,0
DA:593,0
DA:594,0
DA:595,0
DA:596,0
DA:597,0
DA:598,0
DA:599,0
DA:600,0
DA:623,0
LF:88
LH:0
BRDA:11,0,0,0
BRDA:11,0,1,0
BRDA:26,1,0,0
BRDA:26,1,1,0
BRDA:154,2,0,0
BRDA:154,2,1,0
BRDA:154,2,2,0
BRDA:162,3,0,0
BRDA:162,3,1,0
BRDA:172,4,0,0
BRDA:172,4,1,0
BRDA:183,5,0,0
BRDA:183,5,1,0
BRDA:189,6,0,0
BRDA:189,6,1,0
BRDA:194,7,0,0
BRDA:194,7,1,0
BRDA:195,8,0,0
BRDA:195,8,1,0
BRDA:195,9,0,0
BRDA:195,9,1,0
BRDA:195,9,2,0
BRDA:213,10,0,0
BRDA:270,11,0,0
BRDA:270,11,1,0
BRDA:282,12,0,0
BRDA:282,12,1,0
BRDA:335,13,0,0
BRDA:352,14,0,0
BRDA:414,15,0,0
BRDA:419,16,0,0
BRDA:419,16,1,0
BRDA:420,17,0,0
BRDA:436,18,0,0
BRDA:436,18,1,0
BRDA:500,19,0,0
BRDA:549,20,0,0
BRDA:596,21,0,0
BRDA:596,21,1,0
BRDA:604,22,0,0
BRDA:604,22,1,0
BRDA:609,23,0,0
BRDA:609,23,1,0
BRF:43
BRH:0
end_of_record
TN:
SF:app/it/page.js
FN:7,ItalianPage
FNF:1
FNH:0
FNDA:0,ItalianPage
DA:3,0
DA:4,0
DA:5,0
DA:7,0
LF:4
LH:0
BRF:0
BRH:0
end_of_record
TN:
SF:app/ja/page.js
FN:6,JapanesePage
FNF:1
FNH:0
FNDA:0,JapanesePage
DA:2,0
DA:3,0
DA:4,0
DA:6,0
LF:4
LH:0
BRF:0
BRH:0
end_of_record
TN:
SF:app/lib/authConfig.js
FNF:0
FNH:0
DA:1,0
DA:10,0
DA:15,0
LF:3
LH:0
BRF:0
BRH:0
end_of_record
TN:
SF:app/lib/citta.js
FNF:0
FNH:0
DA:2,1
LF:1
LH:1
BRF:0
BRH:0
end_of_record
TN:
SF:app/lib/formatEuro.js
FN:3,(anonymous_1)
FNF:1
FNH:0
FNDA:0,(anonymous_1)
DA:3,0
DA:4,0
DA:5,0
LF:3
LH:0
BRDA:4,0,0,0
BRDA:4,0,1,0
BRF:2
BRH:0
end_of_record
TN:
SF:app/lib/paesi.js
FN:24,(anonymous_2)
FN:26,(anonymous_3)
FNF:2
FNH:2
FNDA:8,(anonymous_2)
FNDA:11273,(anonymous_3)
DA:1,1
DA:4,1
DA:5,1
DA:6,1
DA:7,1
DA:8,1
DA:9,1
DA:10,1
DA:11,1
DA:13,1
DA:14,1
DA:15,1
DA:16,1
DA:17,1
DA:18,1
DA:19,1
DA:20,1
DA:22,1
DA:24,1
DA:25,8
DA:26,11273
DA:27,8
DA:30,1
LF:23
LH:23
BRF:0
BRH:0
end_of_record
TN:
SF:app/lib/supabaseClient.js
FNF:0
FNH:0
DA:2,0
DA:4,0
DA:5,0
DA:7,0
LF:4
LH:0
BRF:0
BRH:0
end_of_record
TN:
SF:app/offerte/page.js
FN:9,OffertePageContent
FN:30,(anonymous_3)
FN:32,(anonymous_4)
FN:33,(anonymous_5)
FN:43,(anonymous_6)
FN:51,(anonymous_7)
FN:52,(anonymous_8)
FN:58,(anonymous_9)
FN:65,(anonymous_10)
FN:66,(anonymous_11)
FN:72,(anonymous_12)
FN:82,(anonymous_13)
FN:126,(anonymous_14)
FN:151,(anonymous_15)
FN:174,(anonymous_16)
FN:181,(anonymous_17)
FN:210,(anonymous_18)
FN:210,(anonymous_19)
FN:211,(anonymous_20)
FN:212,(anonymous_21)
FN:223,(anonymous_22)
FN:241,(anonymous_23)
FN:262,(anonymous_24)
FN:280,(anonymous_25)
FN:310,OffertePage
FNF:25
FNH:0
FNDA:0,OffertePageContent
FNDA:0,(anonymous_3)
FNDA:0,(anonymous_4)
FNDA:0,(anonymous_5)
FNDA:0,(anonymous_6)
FNDA:0,(anonymous_7)
FNDA:0,(anonymous_8)
FNDA:0,(anonymous_9)
FNDA:0,(anonymous_10)
FNDA:0,(anonymous_11)
FNDA:0,(anonymous_12)
FNDA:0,(anonymous_13)
FNDA:0,(anonymous_14)
FNDA:0,(anonymous_15)
FNDA:0,(anonymous_16)
FNDA:0,(anonymous_17)
FNDA:0,(anonymous_18)
FNDA:0,(anonymous_19)
FNDA:0,(anonymous_20)
FNDA:0,(anonymous_21)
FNDA:0,(anonymous_22)
FNDA:0,(anonymous_23)
FNDA:0,(anonymous_24)
FNDA:0,(anonymous_25)
FNDA:0,OffertePage
DA:3,0
DA:5,0
DA:6,0
DA:7,0
DA:10,0
DA:11,0
DA:12,0
DA:14,0
DA:15,0
DA:16,0
DA:17,0
DA:19,0
DA:30,0
DA:32,0
DA:33,0
DA:34,0
DA:40,0
DA:41,0
DA:42,0
DA:43,0
DA:44,0
DA:48,0
DA:51,0
DA:52,0
DA:58,0
DA:59,0
DA:60,0
DA:61,0
DA:62,0
DA:65,0
DA:66,0
DA:67,0
DA:68,0
DA:72,0
DA:73,0
DA:74,0
DA:83,0
DA:84,0
DA:86,0
DA:126,0
DA:151,0
DA:174,0
DA:181,0
DA:210,0
DA:211,0
DA:212,0
DA:213,0
DA:223,0
DA:241,0
DA:262,0
DA:280,0
DA:310,0
LF:52
LH:0
BRDA:11,0,0,0
BRDA:11,0,1,0
BRDA:30,1,0,0
BRDA:30,1,1,0
BRDA:40,2,0,0
BRDA:40,2,1,0
BRDA:40,3,0,0
BRDA:40,3,1,0
BRDA:54,4,0,0
BRDA:54,4,1,0
BRDA:59,5,0,0
BRDA:59,5,1,0
BRDA:83,6,0,0
BRDA:83,6,1,0
BRDA:158,7,0,0
BRDA:158,7,1,0
BRDA:200,8,0,0
BRDA:278,9,0,0
BRF:18
BRH:0
end_of_record
TN:
SF:app/ordine-confermato/page.js
FN:9,(anonymous_3)
FN:16,(anonymous_4)
FN:23,(anonymous_5)
FN:30,(anonymous_6)
FN:37,(anonymous_7)
FN:44,(anonymous_8)
FN:51,(anonymous_9)
FN:58,(anonymous_10)
FN:66,OrderConfirmedContent
FN:79,(anonymous_12)
FN:87,(anonymous_13)
FN:120,(anonymous_14)
FN:129,OrderConfirmedPage
FNF:13
FNH:0
FNDA:0,(anonymous_3)
FNDA:0,(anonymous_4)
FNDA:0,(anonymous_5)
FNDA:0,(anonymous_6)
FNDA:0,(anonymous_7)
FNDA:0,(anonymous_8)
FNDA:0,(anonymous_9)
FNDA:0,(anonymous_10)
FNDA:0,OrderConfirmedContent
FNDA:0,(anonymous_12)
FNDA:0,(anonymous_13)
FNDA:0,(anonymous_14)
FNDA:0,OrderConfirmedPage
DA:3,0
DA:5,0
DA:7,0
DA:9,0
DA:16,0
DA:23,0
DA:30,0
DA:37,0
DA:44,0
DA:51,0
DA:58,0
DA:67,0
DA:68,0
DA:69,0
DA:70,0
DA:72,0
DA:73,0
DA:74,0
DA:75,0
DA:77,0
DA:79,0
DA:81,0
DA:82,0
DA:83,0
DA:87,0
DA:88,0
DA:89,0
DA:90,0
DA:95,0
DA:96,0
DA:97,0
DA:98,0
DA:99,0
DA:100,0
DA:101,0
DA:103,0
DA:105,0
DA:120,0
DA:129,0
DA:141,0
LF:40
LH:0
BRDA:68,0,0,0
BRDA:68,0,1,0
BRDA:77,1,0,0
BRDA:77,1,1,0
BRDA:81,2,0,0
BRDA:81,2,1,0
BRDA:82,3,0,0
BRDA:82,3,1,0
BRDA:83,4,0,0
BRDA:83,4,1,0
BRDA:115,5,0,0
BRF:11
BRH:0
end_of_record
TN:
SF:app/pagamento/PagamentoContent.js
FN:10,(anonymous_2)
FN:26,(anonymous_3)
FN:38,(anonymous_4)
FN:79,(anonymous_5)
FN:319,(anonymous_6)
FN:335,(anonymous_7)
FN:354,(anonymous_8)
FN:448,PagamentoContent
FN:465,(anonymous_10)
FN:471,(anonymous_11)
FN:472,(anonymous_12)
FN:480,(anonymous_13)
FN:488,(anonymous_14)
FN:493,(anonymous_15)
FN:494,(anonymous_16)
FN:554,(anonymous_17)
FN:572,(anonymous_18)
FN:592,(anonymous_19)
FN:659,(anonymous_20)
FN:684,(anonymous_21)
FN:744,(anonymous_22)
FN:769,(anonymous_23)
FNF:22
FNH:0
FNDA:0,(anonymous_2)
FNDA:0,(anonymous_3)
FNDA:0,(anonymous_4)
FNDA:0,(anonymous_5)
FNDA:0,(anonymous_6)
FNDA:0,(anonymous_7)
FNDA:0,(anonymous_8)
FNDA:0,PagamentoContent
FNDA:0,(anonymous_10)
FNDA:0,(anonymous_11)
FNDA:0,(anonymous_12)
FNDA:0,(anonymous_13)
FNDA:0,(anonymous_14)
FNDA:0,(anonymous_15)
FNDA:0,(anonymous_16)
FNDA:0,(anonymous_17)
FNDA:0,(anonymous_18)
FNDA:0,(anonymous_19)
FNDA:0,(anonymous_20)
FNDA:0,(anonymous_21)
FNDA:0,(anonymous_22)
FNDA:0,(anonymous_23)
DA:3,0
DA:4,0
DA:5,0
DA:6,0
DA:7,0
DA:8,0
DA:10,0
DA:23,0
DA:24,0
DA:26,0
DA:27,0
DA:38,0
DA:39,0
DA:40,0
DA:41,0
DA:53,0
DA:54,0
DA:55,0
DA:57,0
DA:58,0
DA:59,0
DA:61,0
DA:62,0
DA:80,0
DA:81,0
DA:90,0
DA:91,0
DA:319,0
DA:331,0
DA:332,0
DA:333,0
DA:335,0
DA:336,0
DA:337,0
DA:339,0
DA:341,0
DA:342,0
DA:354,0
DA:356,0
DA:366,0
DA:368,0
DA:380,0
DA:382,0
DA:383,0
DA:384,0
DA:386,0
DA:390,0
DA:391,0
DA:392,0
DA:394,0
DA:395,0
DA:397,0
DA:448,0
DA:449,0
DA:450,0
DA:451,0
DA:452,0
DA:453,0
DA:454,0
DA:455,0
DA:456,0
DA:457,0
DA:458,0
DA:459,0
DA:460,0
DA:461,0
DA:463,0
DA:465,0
DA:466,0
DA:467,0
DA:468,0
DA:471,0
DA:472,0
DA:473,0
DA:474,0
DA:475,0
DA:476,0
DA:480,0
DA:481,0
DA:482,0
DA:483,0
DA:485,0
DA:488,0
DA:489,0
DA:490,0
DA:493,0
DA:494,0
DA:495,0
DA:496,0
DA:497,0
DA:498,0
DA:499,0
DA:500,0
DA:502,0
DA:503,0
DA:506,0
DA:507,0
DA:510,0
DA:511,0
DA:512,0
DA:513,0
DA:514,0
DA:515,0
DA:518,0
DA:519,0
DA:520,0
DA:521,0
DA:522,0
DA:523,0
DA:526,0
DA:532,0
DA:533,0
DA:534,0
DA:537,0
DA:538,0
DA:539,0
DA:543,0
DA:545,0
DA:549,0
DA:550,0
DA:551,0
DA:554,0
DA:555,0
DA:556,0
DA:562,0
DA:563,0
DA:564,0
DA:572,0
DA:573,0
DA:574,0
DA:575,0
DA:576,0
DA:581,0
DA:582,0
DA:584,0
DA:588,0
DA:592,0
DA:593,0
DA:594,0
DA:595,0
DA:598,0
DA:599,0
DA:600,0
DA:611,0
DA:612,0
DA:613,0
DA:615,0
DA:616,0
DA:622,0
DA:623,0
DA:629,0
DA:630,0
DA:631,0
DA:633,0
DA:635,0
DA:636,0
DA:638,0
DA:642,0
DA:660,0
DA:661,0
DA:685,0
DA:744,0
DA:769,0
LF:163
LH:0
BRDA:68,0,0,0
BRDA:72,1,0,0
BRDA:74,2,0,0
BRDA:337,3,0,0
BRDA:337,3,1,0
BRDA:337,4,0,0
BRDA:337,4,1,0
BRDA:351,5,0,0
BRDA:351,5,1,0
BRDA:360,6,0,0
BRDA:360,6,1,0
BRDA:366,7,0,0
BRDA:366,7,1,0
BRDA:382,8,0,0
BRDA:382,8,1,0
BRDA:395,9,0,0
BRDA:395,9,1,0
BRDA:429,10,0,0
BRDA:429,10,1,0
BRDA:433,11,0,0
BRDA:433,11,1,0
BRDA:437,12,0,0
BRDA:437,12,1,0
BRDA:441,13,0,0
BRDA:441,13,1,0
BRDA:463,14,0,0
BRDA:463,14,1,0
BRDA:473,15,0,0
BRDA:473,15,1,0
BRDA:474,16,0,0
BRDA:474,16,1,0
BRDA:474,17,0,0
BRDA:474,17,1,0
BRDA:476,18,0,0
BRDA:476,18,1,0
BRDA:481,19,0,0
BRDA:481,19,1,0
BRDA:482,20,0,0
BRDA:482,20,1,0
BRDA:498,21,0,0
BRDA:498,21,1,0
BRDA:502,22,0,0
BRDA:502,22,1,0
BRDA:511,23,0,0
BRDA:511,23,1,0
BRDA:511,24,0,0
BRDA:511,24,1,0
BRDA:519,25,0,0
BRDA:519,25,1,0
BRDA:532,26,0,0
BRDA:532,26,1,0
BRDA:538,27,0,0
BRDA:538,27,1,0
BRDA:538,28,0,0
BRDA:538,28,1,0
BRDA:550,29,0,0
BRDA:550,29,1,0
BRDA:562,30,0,0
BRDA:562,30,1,0
BRDA:563,31,0,0
BRDA:563,31,1,0
BRDA:574,32,0,0
BRDA:574,32,1,0
BRDA:575,33,0,0
BRDA:575,33,1,0
BRDA:575,34,0,0
BRDA:575,34,1,0
BRDA:581,35,0,0
BRDA:581,35,1,0
BRDA:593,36,0,0
BRDA:593,36,1,0
BRDA:615,37,0,0
BRDA:615,37,1,0
BRDA:622,38,0,0
BRDA:622,38,1,0
BRDA:642,39,0,0
BRDA:642,39,1,0
BRDA:642,39,2,0
BRDA:642,39,3,0
BRDA:642,39,4,0
BRDA:648,40,0,0
BRDA:661,41,0,0
BRDA:661,41,1,0
BRDA:661,42,0,0
BRDA:661,42,1,0
BRDA:705,43,0,0
BRDA:730,44,0,0
BRDA:732,45,0,0
BRDA:732,45,1,0
BRDA:750,46,0,0
BRDA:778,47,0,0
BRDA:778,47,1,0
BRDA:783,48,0,0
BRDA:783,48,1,0
BRDA:787,49,0,0
BRDA:787,49,1,0
BRDA:796,50,0,0
BRF:97
BRH:0
end_of_record
TN:
SF:app/pagamento/page.js
FN:8,PagamentoPageContent
FN:15,PagamentoPage
FN:25,(anonymous_4)
FNF:3
FNH:0
FNDA:0,PagamentoPageContent
FNDA:0,PagamentoPage
FNDA:0,(anonymous_4)
DA:3,0
DA:4,0
DA:5,0
DA:6,0
DA:9,0
DA:10,0
DA:15,0
DA:25,0
LF:8
LH:0
BRDA:10,0,0,0
BRDA:10,0,1,0
BRF:2
BRH:0
end_of_record
TN:
SF:app/search/page.js
FN:3,SearchPage
FNF:1
FNH:0
FNDA:0,SearchPage
DA:3,0
LF:1
LH:0
BRF:0
BRH:0
end_of_record
TN:
SF:app/servizi/page.js
FN:1,ServiziPage
FNF:1
FNH:0
FNDA:0,ServiziPage
DA:1,0
LF:1
LH:0
BRF:0
BRH:0
end_of_record
TN:
SF:app/zh/page.js
FN:6,ChinesePage
FNF:1
FNH:0
FNDA:0,ChinesePage
DA:2,0
DA:3,0
DA:4,0
DA:6,0
LF:4
LH:0
BRF:0
BRH:0
end_of_record
TN:
SF:components/AuthWrapper.js
FN:7,AuthWrapper
FN:13,(anonymous_2)
FN:14,(anonymous_3)
FNF:3
FNH:0
FNDA:0,AuthWrapper
FNDA:0,(anonymous_2)
FNDA:0,(anonymous_3)
DA:2,0
DA:3,0
DA:4,0
DA:5,0
DA:7,0
DA:8,0
DA:9,0
DA:10,0
DA:11,0
DA:13,0
DA:14,0
DA:15,0
DA:18,0
DA:19,0
DA:20,0
DA:24,0
DA:25,0
DA:26,0
DA:30,0
DA:33,0
LF:20
LH:0
BRDA:7,0,0,0
BRDA:11,1,0,0
BRDA:11,1,1,0
BRDA:18,2,0,0
BRDA:18,2,1,0
BRDA:18,3,0,0
BRDA:18,3,1,0
BRDA:24,4,0,0
BRDA:24,4,1,0
BRDA:24,5,0,0
BRDA:24,5,1,0
BRF:11
BRH:0
end_of_record
TN:
SF:components/CategoryButtons.js
FN:4,CategoryButtons
FN:13,(anonymous_3)
FNF:2
FNH:0
FNDA:0,CategoryButtons
FNDA:0,(anonymous_3)
DA:2,0
DA:4,0
DA:5,0
DA:14,0
LF:4
LH:0
BRF:0
BRH:0
end_of_record
TN:
SF:components/CategoryButtonsxsitogr.js
FN:4,CategoryButtons
FN:7,(anonymous_2)
FN:24,(anonymous_3)
FN:25,(anonymous_4)
FN:26,(anonymous_5)
FNF:5
FNH:0
FNDA:0,CategoryButtons
FNDA:0,(anonymous_2)
FNDA:0,(anonymous_3)
FNDA:0,(anonymous_4)
FNDA:0,(anonymous_5)
DA:2,0
DA:4,0
DA:5,0
DA:7,0
DA:9,0
DA:20,0
DA:24,0
DA:25,0
DA:26,0
DA:31,0
LF:10
LH:0
BRDA:4,0,0,0
BRDA:20,1,0,0
BRDA:20,1,1,0
BRF:3
BRH:0
end_of_record
TN:
SF:components/ErrorBoundary.js
FN:8,(anonymous_1)
FN:12,(anonymous_2)
FN:16,(anonymous_3)
FNF:3
FNH:0
FNDA:0,(anonymous_1)
FNDA:0,(anonymous_2)
FNDA:0,(anonymous_3)
DA:3,0
DA:5,0
DA:9,0
DA:13,0
DA:17,0
DA:18,0
DA:20,0
LF:7
LH:0
BRDA:17,0,0,0
BRDA:17,0,1,0
BRF:2
BRH:0
end_of_record
TN:
SF:components/FlagLanguageSwitcher.js
FN:15,FlagLanguageSwitcher
FN:21,(anonymous_2)
FN:30,(anonymous_3)
FN:33,(anonymous_4)
FNF:4
FNH:0
FNDA:0,FlagLanguageSwitcher
FNDA:0,(anonymous_2)
FNDA:0,(anonymous_3)
FNDA:0,(anonymous_4)
DA:2,0
DA:4,0
DA:15,0
DA:16,0
DA:17,0
DA:18,0
DA:19,0
DA:21,0
DA:22,0
DA:23,0
DA:24,0
DA:25,0
DA:31,0
DA:33,0
LF:14
LH:0
BRDA:19,0,0,0
BRDA:19,0,1,0
BRDA:35,1,0,0
BRDA:35,1,1,0
BRF:4
BRH:0
end_of_record
TN:
SF:components/LoginSidebar.jsx
FN:3,LoginSidebar
FNF:1
FNH:0
FNDA:0,LoginSidebar
DA:3,0
DA:4,0
LF:2
LH:0
BRDA:4,0,0,0
BRDA:4,0,1,0
BRF:2
BRH:0
end_of_record
TN:
SF:components/MobileMenu.js
FN:8,MobileMenu
FN:12,(anonymous_3)
FN:13,(anonymous_4)
FN:23,(anonymous_5)
FN:78,(anonymous_6)
FN:100,(anonymous_7)
FN:105,(anonymous_8)
FN:109,(anonymous_9)
FNF:8
FNH:0
FNDA:0,MobileMenu
FNDA:0,(anonymous_3)
FNDA:0,(anonymous_4)
FNDA:0,(anonymous_5)
FNDA:0,(anonymous_6)
FNDA:0,(anonymous_7)
FNDA:0,(anonymous_8)
FNDA:0,(anonymous_9)
DA:3,0
DA:4,0
DA:5,0
DA:6,0
DA:8,0
DA:9,0
DA:10,0
DA:12,0
DA:13,0
DA:14,0
DA:15,0
DA:18,0
DA:19,0
DA:21,0
DA:23,0
DA:24,0
DA:28,0
DA:63,0
DA:78,0
DA:100,0
DA:106,0
DA:109,0
LF:22
LH:0
BRDA:14,0,0,0
BRDA:14,0,1,0
BRDA:14,1,0,0
BRDA:14,1,1,0
BRDA:18,2,0,0
BRDA:18,2,1,0
BRDA:76,3,0,0
BRDA:85,4,0,0
BRDA:89,5,0,0
BRDA:89,5,1,0
BRDA:112,6,0,0
BRDA:112,6,1,0
BRF:12
BRH:0
end_of_record
TN:
SF:components/SearchIcon.js
FN:6,SearchIcon
FN:10,(anonymous_2)
FNF:2
FNH:0
FNDA:0,SearchIcon
FNDA:0,(anonymous_2)
DA:3,0
DA:4,0
DA:6,0
DA:7,0
DA:8,0
DA:10,0
DA:11,0
LF:7
LH:0
BRF:0
BRH:0
end_of_record
TN:
SF:components/TopRightMenu.js
FN:7,TopRightMenu
FN:16,(anonymous_3)
FN:21,(anonymous_4)
FN:22,(anonymous_5)
FN:30,(anonymous_6)
FN:34,(anonymous_7)
FN:67,(anonymous_8)
FN:77,(anonymous_9)
FN:94,(anonymous_10)
FN:113,(anonymous_11)
FN:125,(anonymous_12)
FN:143,(anonymous_13)
FN:150,(anonymous_14)
FN:154,(anonymous_15)
FN:168,(anonymous_16)
FNF:15
FNH:0
FNDA:0,TopRightMenu
FNDA:0,(anonymous_3)
FNDA:0,(anonymous_4)
FNDA:0,(anonymous_5)
FNDA:0,(anonymous_6)
FNDA:0,(anonymous_7)
FNDA:0,(anonymous_8)
FNDA:0,(anonymous_9)
FNDA:0,(anonymous_10)
FNDA:0,(anonymous_11)
FNDA:0,(anonymous_12)
FNDA:0,(anonymous_13)
FNDA:0,(anonymous_14)
FNDA:0,(anonymous_15)
FNDA:0,(anonymous_16)
DA:2,1
DA:3,1
DA:4,0
DA:5,0
DA:7,0
DA:8,0
DA:9,0
DA:10,0
DA:11,0
DA:12,0
DA:13,0
DA:14,0
DA:16,0
DA:17,0
DA:21,0
DA:22,0
DA:23,0
DA:24,0
DA:25,0
DA:29,0
DA:30,0
DA:34,0
DA:67,0
DA:68,0
DA:77,0
DA:94,0
DA:114,0
DA:115,0
DA:126,0
DA:127,0
DA:143,0
DA:150,0
DA:154,0
DA:168,0
LF:34
LH:2
BRDA:10,0,0,0
BRDA:10,0,1,0
BRDA:23,1,0,0
BRDA:23,1,1,0
BRDA:76,2,0,0
BRDA:76,2,1,0
BRDA:82,3,0,0
BRDA:91,4,0,0
BRDA:91,4,1,0
BRDA:140,5,0,0
BRDA:160,6,0,0
BRDA:160,6,1,0
BRDA:163,7,0,0
BRDA:163,7,1,0
BRF:14
BRH:0
end_of_record
TN:
SF:components/UserMenu.js
FN:9,(anonymous_2)
FN:16,(anonymous_3)
FN:17,(anonymous_4)
FN:41,(anonymous_5)
FN:61,UserMenu
FN:221,(anonymous_7)
FN:222,(anonymous_8)
FN:223,(anonymous_9)
FN:224,(anonymous_10)
FN:225,(anonymous_11)
FN:226,(anonymous_12)
FN:227,(anonymous_13)
FN:228,(anonymous_14)
FN:262,(anonymous_15)
FN:294,(anonymous_16)
FN:301,(anonymous_17)
FN:302,(anonymous_18)
FN:315,(anonymous_19)
FN:320,(anonymous_20)
FN:321,(anonymous_21)
FN:346,(anonymous_22)
FN:355,(anonymous_23)
FN:377,(anonymous_24)
FN:399,(anonymous_25)
FN:431,(anonymous_26)
FN:492,(anonymous_27)
FN:505,(anonymous_28)
FN:518,(anonymous_29)
FN:525,(anonymous_30)
FN:556,(anonymous_31)
FN:563,(anonymous_32)
FN:570,(anonymous_33)
FN:575,(anonymous_34)
FN:586,(anonymous_35)
FN:596,(anonymous_36)
FN:605,(anonymous_37)
FN:615,(anonymous_38)
FN:624,(anonymous_39)
FN:631,(anonymous_40)
FN:638,(anonymous_41)
FN:645,(anonymous_42)
FN:655,(anonymous_43)
FN:661,(anonymous_44)
FNF:43
FNH:0
FNDA:0,(anonymous_2)
FNDA:0,(anonymous_3)
FNDA:0,(anonymous_4)
FNDA:0,(anonymous_5)
FNDA:0,UserMenu
FNDA:0,(anonymous_7)
FNDA:0,(anonymous_8)
FNDA:0,(anonymous_9)
FNDA:0,(anonymous_10)
FNDA:0,(anonymous_11)
FNDA:0,(anonymous_12)
FNDA:0,(anonymous_13)
FNDA:0,(anonymous_14)
FNDA:0,(anonymous_15)
FNDA:0,(anonymous_16)
FNDA:0,(anonymous_17)
FNDA:0,(anonymous_18)
FNDA:0,(anonymous_19)
FNDA:0,(anonymous_20)
FNDA:0,(anonymous_21)
FNDA:0,(anonymous_22)
FNDA:0,(anonymous_23)
FNDA:0,(anonymous_24)
FNDA:0,(anonymous_25)
FNDA:0,(anonymous_26)
FNDA:0,(anonymous_27)
FNDA:0,(anonymous_28)
FNDA:0,(anonymous_29)
FNDA:0,(anonymous_30)
FNDA:0,(anonymous_31)
FNDA:0,(anonymous_32)
FNDA:0,(anonymous_33)
FNDA:0,(anonymous_34)
FNDA:0,(anonymous_35)
FNDA:0,(anonymous_36)
FNDA:0,(anonymous_37)
FNDA:0,(anonymous_38)
FNDA:0,(anonymous_39)
FNDA:0,(anonymous_40)
FNDA:0,(anonymous_41)
FNDA:0,(anonymous_42)
FNDA:0,(anonymous_43)
FNDA:0,(anonymous_44)
DA:3,1
DA:4,1
DA:5,1
DA:6,1
DA:7,1
DA:9,1
DA:10,0
DA:16,0
DA:17,0
DA:20,0
DA:21,0
DA:22,0
DA:27,0
DA:29,0
DA:30,0
DA:32,0
DA:33,0
DA:37,0
DA:38,0
DA:41,1
DA:42,0
DA:44,0
DA:45,0
DA:51,0
DA:52,0
DA:54,0
DA:56,0
DA:57,0
DA:61,0
DA:62,0
DA:63,0
DA:64,0
DA:65,0
DA:66,0
DA:67,0
DA:68,0
DA:69,0
DA:70,0
DA:71,0
DA:72,0
DA:73,0
DA:74,0
DA:75,0
DA:76,0
DA:77,0
DA:78,0
DA:79,0
DA:80,0
DA:82,0
DA:221,0
DA:222,0
DA:223,0
DA:224,0
DA:225,0
DA:226,0
DA:227,0
DA:228,0
DA:262,0
DA:263,0
DA:264,0
DA:266,0
DA:267,0
DA:269,0
DA:280,0
DA:282,0
DA:283,0
DA:294,0
DA:295,0
DA:296,0
DA:297,0
DA:301,0
DA:302,0
DA:303,0
DA:304,0
DA:305,0
DA:306,0
DA:307,0
DA:311,0
DA:312,0
DA:315,0
DA:316,0
DA:320,0
DA:321,0
DA:322,0
DA:323,0
DA:324,0
DA:326,0
DA:328,0
DA:330,0
DA:331,0
DA:337,0
DA:339,0
DA:343,0
DA:346,0
DA:347,0
DA:348,0
DA:349,0
DA:350,0
DA:351,0
DA:352,0
DA:355,0
DA:356,0
DA:357,0
DA:359,0
DA:360,0
DA:361,0
DA:362,0
DA:365,0
DA:366,0
DA:367,0
DA:368,0
DA:369,0
DA:370,0
DA:372,0
DA:373,0
DA:377,0
DA:378,0
DA:379,0
DA:380,0
DA:383,0
DA:384,0
DA:388,0
DA:389,0
DA:391,0
DA:394,0
DA:395,0
DA:399,0
DA:400,0
DA:401,0
DA:402,0
DA:404,0
DA:405,0
DA:406,0
DA:408,0
DA:409,0
DA:410,0
DA:412,0
DA:413,0
DA:414,0
DA:416,0
DA:417,0
DA:418,0
DA:420,0
DA:421,0
DA:422,0
DA:424,0
DA:425,0
DA:426,0
DA:428,0
DA:431,0
DA:432,0
DA:434,0
DA:435,0
DA:436,0
DA:439,0
DA:441,0
DA:442,0
DA:453,0
DA:455,0
DA:475,0
DA:477,0
DA:478,0
DA:479,0
DA:480,0
DA:481,0
DA:482,0
DA:483,0
DA:485,0
DA:486,0
DA:492,0
DA:506,0
DA:507,0
DA:518,0
DA:525,0
DA:556,0
DA:563,0
DA:570,0
DA:576,0
DA:587,0
DA:588,0
DA:589,0
DA:590,0
DA:597,0
DA:605,0
DA:615,0
DA:624,0
DA:631,0
DA:638,0
DA:645,0
DA:655,0
DA:662,0
LF:191
LH:7
BRDA:27,0,0,0
BRDA:27,0,1,0
BRDA:30,1,0,0
BRDA:30,1,1,0
BRDA:42,2,0,0
BRDA:42,2,1,0
BRDA:51,3,0,0
BRDA:51,3,1,0
BRDA:52,4,0,0
BRDA:52,4,1,0
BRDA:54,5,0,0
BRDA:54,5,1,0
BRDA:62,6,0,0
BRDA:62,6,1,0
BRDA:221,7,0,0
BRDA:221,7,1,0
BRDA:264,8,0,0
BRDA:264,8,1,0
BRDA:277,9,0,0
BRDA:277,9,1,0
BRDA:295,10,0,0
BRDA:295,10,1,0
BRDA:303,11,0,0
BRDA:303,11,1,0
BRDA:303,12,0,0
BRDA:303,12,1,0
BRDA:311,13,0,0
BRDA:311,13,1,0
BRDA:326,14,0,0
BRDA:326,14,1,0
BRDA:326,15,0,0
BRDA:326,15,1,0
BRDA:332,16,0,0
BRDA:332,16,1,0
BRDA:332,16,2,0
BRDA:332,16,3,0
BRDA:359,17,0,0
BRDA:359,17,1,0
BRDA:359,18,0,0
BRDA:359,18,1,0
BRDA:367,19,0,0
BRDA:367,19,1,0
BRDA:367,19,2,0
BRDA:378,20,0,0
BRDA:378,20,1,0
BRDA:388,21,0,0
BRDA:388,21,1,0
BRDA:400,22,0,0
BRDA:400,22,1,0
BRDA:404,23,0,0
BRDA:404,23,1,0
BRDA:408,24,0,0
BRDA:408,24,1,0
BRDA:412,25,0,0
BRDA:412,25,1,0
BRDA:416,26,0,0
BRDA:416,26,1,0
BRDA:420,27,0,0
BRDA:420,27,1,0
BRDA:424,28,0,0
BRDA:424,28,1,0
BRDA:434,29,0,0
BRDA:434,29,1,0
BRDA:434,30,0,0
BRDA:434,30,1,0
BRDA:439,31,0,0
BRDA:439,31,1,0
BRDA:453,32,0,0
BRDA:453,32,1,0
BRDA:475,33,0,0
BRDA:475,33,1,0
BRDA:486,34,0,0
BRDA:486,34,1,0
BRDA:493,35,0,0
BRDA:513,36,0,0
BRDA:530,37,0,0
BRDA:530,37,1,0
BRDA:533,38,0,0
BRDA:533,38,1,0
BRDA:536,39,0,0
BRDA:545,40,0,0
BRDA:551,41,0,0
BRDA:575,42,0,0
BRDA:575,42,1,0
BRDA:583,43,0,0
BRDA:582,44,0,0
BRDA:582,44,1,0
BRDA:582,44,2,0
BRDA:589,45,0,0
BRDA:589,45,1,0
BRDA:596,46,0,0
BRDA:596,46,1,0
BRDA:596,46,2,0
BRDA:601,47,0,0
BRDA:652,48,0,0
BRDA:652,48,1,0
BRDA:663,49,0,0
BRDA:668,50,0,0
BRDA:668,50,1,0
BRDA:669,51,0,0
BRDA:669,51,1,0
BRDA:685,52,0,0
BRF:102
BRH:0
end_of_record
TN:
SF:components/UserMenuprotected.js
FN:10,(anonymous_2)
FN:17,(anonymous_3)
FN:18,(anonymous_4)
FN:42,(anonymous_5)
FN:62,UserMenu
FN:87,(anonymous_7)
FN:94,(anonymous_8)
FN:95,(anonymous_9)
FN:105,(anonymous_10)
FN:108,(anonymous_11)
FN:109,(anonymous_12)
FN:134,(anonymous_13)
FN:145,(anonymous_14)
FN:155,(anonymous_15)
FN:180,(anonymous_16)
FNF:15
FNH:0
FNDA:0,(anonymous_2)
FNDA:0,(anonymous_3)
FNDA:0,(anonymous_4)
FNDA:0,(anonymous_5)
FNDA:0,UserMenu
FNDA:0,(anonymous_7)
FNDA:0,(anonymous_8)
FNDA:0,(anonymous_9)
FNDA:0,(anonymous_10)
FNDA:0,(anonymous_11)
FNDA:0,(anonymous_12)
FNDA:0,(anonymous_13)
FNDA:0,(anonymous_14)
FNDA:0,(anonymous_15)
FNDA:0,(anonymous_16)
DA:3,0
DA:4,0
DA:5,0
DA:6,0
DA:7,0
DA:8,0
DA:10,0
DA:11,0
DA:17,0
DA:18,0
DA:21,0
DA:22,0
DA:23,0
DA:28,0
DA:30,0
DA:31,0
DA:33,0
DA:34,0
DA:38,0
DA:39,0
DA:42,0
DA:43,0
DA:45,0
DA:46,0
DA:52,0
DA:53,0
DA:55,0
DA:57,0
DA:58,0
DA:62,0
DA:63,0
DA:64,0
DA:65,0
DA:66,0
DA:67,0
DA:68,0
DA:69,0
DA:70,0
DA:71,0
DA:72,0
DA:73,0
DA:74,0
DA:75,0
DA:76,0
DA:77,0
DA:78,0
DA:79,0
DA:80,0
DA:81,0
DA:82,0
DA:83,0
DA:87,0
DA:88,0
DA:89,0
DA:90,0
DA:94,0
DA:95,0
DA:96,0
DA:97,0
DA:98,0
DA:99,0
DA:100,0
DA:104,0
DA:105,0
DA:108,0
DA:109,0
DA:110,0
DA:111,0
DA:112,0
DA:114,0
DA:116,0
DA:118,0
DA:119,0
DA:125,0
DA:127,0
DA:131,0
DA:134,0
DA:135,0
DA:136,0
DA:137,0
DA:138,0
DA:139,0
DA:140,0
DA:145,0
DA:146,0
DA:147,0
DA:148,0
DA:149,0
DA:150,0
DA:151,0
DA:152,0
DA:155,0
DA:156,0
DA:157,0
DA:158,0
DA:160,0
DA:161,0
DA:162,0
DA:163,0
DA:166,0
DA:167,0
DA:168,0
DA:169,0
DA:170,0
DA:171,0
DA:173,0
DA:174,0
DA:176,0
DA:180,0
DA:181,0
DA:182,0
DA:184,0
DA:185,0
DA:186,0
DA:187,0
DA:190,0
DA:191,0
DA:192,0
DA:195,0
DA:196,0
DA:207,0
DA:209,0
DA:224,0
DA:226,0
DA:227,0
DA:228,0
DA:229,0
DA:230,0
DA:231,0
DA:232,0
DA:234,0
DA:235,0
DA:237,0
LF:133
LH:0
BRDA:28,0,0,0
BRDA:28,0,1,0
BRDA:31,1,0,0
BRDA:31,1,1,0
BRDA:43,2,0,0
BRDA:43,2,1,0
BRDA:52,3,0,0
BRDA:52,3,1,0
BRDA:53,4,0,0
BRDA:53,4,1,0
BRDA:55,5,0,0
BRDA:55,5,1,0
BRDA:64,6,0,0
BRDA:64,6,1,0
BRDA:88,7,0,0
BRDA:88,7,1,0
BRDA:96,8,0,0
BRDA:96,8,1,0
BRDA:96,9,0,0
BRDA:96,9,1,0
BRDA:104,10,0,0
BRDA:104,10,1,0
BRDA:114,11,0,0
BRDA:114,11,1,0
BRDA:114,12,0,0
BRDA:114,12,1,0
BRDA:120,13,0,0
BRDA:120,13,1,0
BRDA:120,13,2,0
BRDA:120,13,3,0
BRDA:136,14,0,0
BRDA:136,14,1,0
BRDA:138,15,0,0
BRDA:138,15,1,0
BRDA:160,16,0,0
BRDA:160,16,1,0
BRDA:160,17,0,0
BRDA:160,17,1,0
BRDA:168,18,0,0
BRDA:168,18,1,0
BRDA:168,18,2,0
BRDA:184,19,0,0
BRDA:184,19,1,0
BRDA:184,20,0,0
BRDA:184,20,1,0
BRDA:190,21,0,0
BRDA:190,21,1,0
BRDA:207,22,0,0
BRDA:207,22,1,0
BRDA:224,23,0,0
BRDA:224,23,1,0
BRDA:235,24,0,0
BRDA:235,24,1,0
BRF:53
BRH:0
end_of_record
